<?xml version="1.0" encoding="UTF-8"?>
<testng-results skipped="0" failed="0" ignored="0" total="1" passed="1">
  <reporter-output>
  </reporter-output>
  <suite name="Default suite" duration-ms="45859" started-at="2018-06-14T12:07:47Z" finished-at="2018-06-14T12:08:33Z">
    <groups>
    </groups>
    <test name="Default test" duration-ms="45859" started-at="2018-06-14T12:07:47Z" finished-at="2018-06-14T12:08:33Z">
      <class name="com.mytime.qa.testcases.WeeklyPageTest">
        <test-method status="PASS" signature="setUp()[pri:0, instance:com.mytime.qa.testcases.WeeklyPageTest@6c3708b3]" name="setUp" is-config="true" duration-ms="30628" started-at="2018-06-14T07:07:47Z" finished-at="2018-06-14T07:08:17Z">
          <reporter-output>
          </reporter-output>
        </test-method> <!-- setUp -->
        <test-method status="PASS" signature="ClearMaintenanceLTIOSupportTest()[pri:2, instance:com.mytime.qa.testcases.WeeklyPageTest@6c3708b3]" name="ClearMaintenanceLTIOSupportTest" duration-ms="15196" started-at="2018-06-14T07:08:17Z" finished-at="2018-06-14T07:08:33Z">
          <reporter-output>
          </reporter-output>
        </test-method> <!-- ClearMaintenanceLTIOSupportTest -->
      </class> <!-- com.mytime.qa.testcases.WeeklyPageTest -->
    </test> <!-- Default test -->
  </suite> <!-- Default suite -->
</testng-results>
